{"level":"info","message":"Server running at 8080/"}
{"level":"info","message":"Server running at 8080/"}
{"level":"info","message":"error: runQuery is not defined","stack":"ReferenceError: runQuery is not defined\n    at C:\\Users\\Pavel\\Documents\\хлтр\\power-lines-calculators-server\\src\\fields\\user\\user.routes.js:21:20\n    at Layer.handle [as handle_request] (C:\\Users\\Pavel\\Documents\\хлтр\\power-lines-calculators-server\\node_modules\\express\\lib\\router\\layer.js:95:5)\n    at next (C:\\Users\\Pavel\\Documents\\хлтр\\power-lines-calculators-server\\node_modules\\express\\lib\\router\\route.js:137:13)\n    at Route.dispatch (C:\\Users\\Pavel\\Documents\\хлтр\\power-lines-calculators-server\\node_modules\\express\\lib\\router\\route.js:112:3)\n    at Layer.handle [as handle_request] (C:\\Users\\Pavel\\Documents\\хлтр\\power-lines-calculators-server\\node_modules\\express\\lib\\router\\layer.js:95:5)\n    at C:\\Users\\Pavel\\Documents\\хлтр\\power-lines-calculators-server\\node_modules\\express\\lib\\router\\index.js:281:22\n    at Function.process_params (C:\\Users\\Pavel\\Documents\\хлтр\\power-lines-calculators-server\\node_modules\\express\\lib\\router\\index.js:335:12)\n    at next (C:\\Users\\Pavel\\Documents\\хлтр\\power-lines-calculators-server\\node_modules\\express\\lib\\router\\index.js:275:10)\n    at C:\\Users\\Pavel\\Documents\\хлтр\\power-lines-calculators-server\\src\\fields\\user\\user.routes.js:13:3\n    at Layer.handle [as handle_request] (C:\\Users\\Pavel\\Documents\\хлтр\\power-lines-calculators-server\\node_modules\\express\\lib\\router\\layer.js:95:5)"}
{"level":"info","message":"error: runQuery is not defined","stack":"ReferenceError: runQuery is not defined\n    at C:\\Users\\Pavel\\Documents\\хлтр\\power-lines-calculators-server\\src\\fields\\user\\user.routes.js:21:20\n    at Layer.handle [as handle_request] (C:\\Users\\Pavel\\Documents\\хлтр\\power-lines-calculators-server\\node_modules\\express\\lib\\router\\layer.js:95:5)\n    at next (C:\\Users\\Pavel\\Documents\\хлтр\\power-lines-calculators-server\\node_modules\\express\\lib\\router\\route.js:137:13)\n    at Route.dispatch (C:\\Users\\Pavel\\Documents\\хлтр\\power-lines-calculators-server\\node_modules\\express\\lib\\router\\route.js:112:3)\n    at Layer.handle [as handle_request] (C:\\Users\\Pavel\\Documents\\хлтр\\power-lines-calculators-server\\node_modules\\express\\lib\\router\\layer.js:95:5)\n    at C:\\Users\\Pavel\\Documents\\хлтр\\power-lines-calculators-server\\node_modules\\express\\lib\\router\\index.js:281:22\n    at Function.process_params (C:\\Users\\Pavel\\Documents\\хлтр\\power-lines-calculators-server\\node_modules\\express\\lib\\router\\index.js:335:12)\n    at next (C:\\Users\\Pavel\\Documents\\хлтр\\power-lines-calculators-server\\node_modules\\express\\lib\\router\\index.js:275:10)\n    at C:\\Users\\Pavel\\Documents\\хлтр\\power-lines-calculators-server\\src\\fields\\user\\user.routes.js:13:3\n    at Layer.handle [as handle_request] (C:\\Users\\Pavel\\Documents\\хлтр\\power-lines-calculators-server\\node_modules\\express\\lib\\router\\layer.js:95:5)"}
{"level":"info","message":"Server running at 8080/"}
{"level":"info","message":"Server running at 8080/"}
{"level":"info","message":"Server running at 8080/"}
{"level":"info","message":"Server running at 8080/"}
{"level":"info","message":"Server running at 8080/"}
{"level":"info","message":"Server running at 8080/"}
{"level":"info","message":"Server running at 8080/"}
{"level":"info","message":"Server running at 8080/"}
{"level":"info","message":"Server running at 8080/"}
{"level":"info","message":"Server running at 8080/"}
{"level":"info","message":"Server running at 8080/"}
{"level":"info","message":"Server running at 8080/"}
{"level":"info","message":"Server running at 8080/"}
{"level":"info","message":"Server running at 8080/"}
{"level":"info","message":"Server running at 8080/"}
{"level":"info","message":"Server running at 8080/"}
{"level":"info","message":"Server running at 8080/"}
{"level":"info","message":"Server running at 8080/"}
{"level":"info","message":"Server running at 8080/"}
{"code":"42703","file":"parse_relation.c","length":109,"level":"info","line":"3599","message":"error: column \"undefined\" does not exist","name":"error","position":"27","routine":"errorMissingColumn","severity":"ERROR","stack":"error: column \"undefined\" does not exist\n    at Parser.parseErrorMessage (/Users/pavelgordeev/Documents/projects/sheld-pipe-cable-server/node_modules/pg-protocol/dist/parser.js:287:98)\n    at Parser.handlePacket (/Users/pavelgordeev/Documents/projects/sheld-pipe-cable-server/node_modules/pg-protocol/dist/parser.js:126:29)\n    at Parser.parse (/Users/pavelgordeev/Documents/projects/sheld-pipe-cable-server/node_modules/pg-protocol/dist/parser.js:39:38)\n    at Socket.<anonymous> (/Users/pavelgordeev/Documents/projects/sheld-pipe-cable-server/node_modules/pg-protocol/dist/index.js:11:42)\n    at Socket.emit (events.js:315:20)\n    at addChunk (_stream_readable.js:295:12)\n    at readableAddChunk (_stream_readable.js:271:9)\n    at Socket.Readable.push (_stream_readable.js:212:10)\n    at TCP.onStreamRead (internal/stream_base_commons.js:186:23)"}
{"level":"info","message":"Server running at 8080/"}
{"code":"42703","file":"parse_relation.c","length":109,"level":"info","line":"3599","message":"error: column \"undefined\" does not exist","name":"error","position":"27","routine":"errorMissingColumn","severity":"ERROR","stack":"error: column \"undefined\" does not exist\n    at Parser.parseErrorMessage (/Users/pavelgordeev/Documents/projects/sheld-pipe-cable-server/node_modules/pg-protocol/dist/parser.js:287:98)\n    at Parser.handlePacket (/Users/pavelgordeev/Documents/projects/sheld-pipe-cable-server/node_modules/pg-protocol/dist/parser.js:126:29)\n    at Parser.parse (/Users/pavelgordeev/Documents/projects/sheld-pipe-cable-server/node_modules/pg-protocol/dist/parser.js:39:38)\n    at Socket.<anonymous> (/Users/pavelgordeev/Documents/projects/sheld-pipe-cable-server/node_modules/pg-protocol/dist/index.js:11:42)\n    at Socket.emit (events.js:315:20)\n    at addChunk (_stream_readable.js:295:12)\n    at readableAddChunk (_stream_readable.js:271:9)\n    at Socket.Readable.push (_stream_readable.js:212:10)\n    at TCP.onStreamRead (internal/stream_base_commons.js:186:23)"}
{"level":"info","message":"Server running at 8080/"}
{"level":"info","message":"Server running at 8080/"}
{"code":"42703","file":"parse_relation.c","length":109,"level":"info","line":"3599","message":"error: column \"undefined\" does not exist","name":"error","position":"27","routine":"errorMissingColumn","severity":"ERROR","stack":"error: column \"undefined\" does not exist\n    at Parser.parseErrorMessage (/Users/pavelgordeev/Documents/projects/sheld-pipe-cable-server/node_modules/pg-protocol/dist/parser.js:287:98)\n    at Parser.handlePacket (/Users/pavelgordeev/Documents/projects/sheld-pipe-cable-server/node_modules/pg-protocol/dist/parser.js:126:29)\n    at Parser.parse (/Users/pavelgordeev/Documents/projects/sheld-pipe-cable-server/node_modules/pg-protocol/dist/parser.js:39:38)\n    at Socket.<anonymous> (/Users/pavelgordeev/Documents/projects/sheld-pipe-cable-server/node_modules/pg-protocol/dist/index.js:11:42)\n    at Socket.emit (events.js:315:20)\n    at addChunk (_stream_readable.js:295:12)\n    at readableAddChunk (_stream_readable.js:271:9)\n    at Socket.Readable.push (_stream_readable.js:212:10)\n    at TCP.onStreamRead (internal/stream_base_commons.js:186:23)"}
{"level":"info","message":"Server running at 8080/"}
{"code":"42703","file":"parse_relation.c","length":109,"level":"info","line":"3599","message":"error: column \"undefined\" does not exist","name":"error","position":"27","routine":"errorMissingColumn","severity":"ERROR","stack":"error: column \"undefined\" does not exist\n    at Parser.parseErrorMessage (/Users/pavelgordeev/Documents/projects/sheld-pipe-cable-server/node_modules/pg-protocol/dist/parser.js:287:98)\n    at Parser.handlePacket (/Users/pavelgordeev/Documents/projects/sheld-pipe-cable-server/node_modules/pg-protocol/dist/parser.js:126:29)\n    at Parser.parse (/Users/pavelgordeev/Documents/projects/sheld-pipe-cable-server/node_modules/pg-protocol/dist/parser.js:39:38)\n    at Socket.<anonymous> (/Users/pavelgordeev/Documents/projects/sheld-pipe-cable-server/node_modules/pg-protocol/dist/index.js:11:42)\n    at Socket.emit (events.js:315:20)\n    at addChunk (_stream_readable.js:295:12)\n    at readableAddChunk (_stream_readable.js:271:9)\n    at Socket.Readable.push (_stream_readable.js:212:10)\n    at TCP.onStreamRead (internal/stream_base_commons.js:186:23)"}
{"level":"info","message":"Server running at 8080/"}
{"code":"42703","file":"parse_relation.c","length":109,"level":"info","line":"3599","message":"error: column \"undefined\" does not exist","name":"error","position":"27","routine":"errorMissingColumn","severity":"ERROR","stack":"error: column \"undefined\" does not exist\n    at Parser.parseErrorMessage (/Users/pavelgordeev/Documents/projects/sheld-pipe-cable-server/node_modules/pg-protocol/dist/parser.js:287:98)\n    at Parser.handlePacket (/Users/pavelgordeev/Documents/projects/sheld-pipe-cable-server/node_modules/pg-protocol/dist/parser.js:126:29)\n    at Parser.parse (/Users/pavelgordeev/Documents/projects/sheld-pipe-cable-server/node_modules/pg-protocol/dist/parser.js:39:38)\n    at Socket.<anonymous> (/Users/pavelgordeev/Documents/projects/sheld-pipe-cable-server/node_modules/pg-protocol/dist/index.js:11:42)\n    at Socket.emit (events.js:315:20)\n    at addChunk (_stream_readable.js:295:12)\n    at readableAddChunk (_stream_readable.js:271:9)\n    at Socket.Readable.push (_stream_readable.js:212:10)\n    at TCP.onStreamRead (internal/stream_base_commons.js:186:23)"}
{"level":"info","message":"Server running at 8080/"}
{"code":"42703","file":"parse_relation.c","length":109,"level":"info","line":"3599","message":"error: column \"undefined\" does not exist","name":"error","position":"27","routine":"errorMissingColumn","severity":"ERROR","stack":"error: column \"undefined\" does not exist\n    at Parser.parseErrorMessage (/Users/pavelgordeev/Documents/projects/sheld-pipe-cable-server/node_modules/pg-protocol/dist/parser.js:287:98)\n    at Parser.handlePacket (/Users/pavelgordeev/Documents/projects/sheld-pipe-cable-server/node_modules/pg-protocol/dist/parser.js:126:29)\n    at Parser.parse (/Users/pavelgordeev/Documents/projects/sheld-pipe-cable-server/node_modules/pg-protocol/dist/parser.js:39:38)\n    at Socket.<anonymous> (/Users/pavelgordeev/Documents/projects/sheld-pipe-cable-server/node_modules/pg-protocol/dist/index.js:11:42)\n    at Socket.emit (events.js:315:20)\n    at addChunk (_stream_readable.js:295:12)\n    at readableAddChunk (_stream_readable.js:271:9)\n    at Socket.Readable.push (_stream_readable.js:212:10)\n    at TCP.onStreamRead (internal/stream_base_commons.js:186:23)"}
{"level":"info","message":"Server running at 8080/"}
{"code":"42703","file":"parse_relation.c","length":109,"level":"info","line":"3599","message":"error: column \"undefined\" does not exist","name":"error","position":"27","routine":"errorMissingColumn","severity":"ERROR","stack":"error: column \"undefined\" does not exist\n    at Parser.parseErrorMessage (/Users/pavelgordeev/Documents/projects/sheld-pipe-cable-server/node_modules/pg-protocol/dist/parser.js:287:98)\n    at Parser.handlePacket (/Users/pavelgordeev/Documents/projects/sheld-pipe-cable-server/node_modules/pg-protocol/dist/parser.js:126:29)\n    at Parser.parse (/Users/pavelgordeev/Documents/projects/sheld-pipe-cable-server/node_modules/pg-protocol/dist/parser.js:39:38)\n    at Socket.<anonymous> (/Users/pavelgordeev/Documents/projects/sheld-pipe-cable-server/node_modules/pg-protocol/dist/index.js:11:42)\n    at Socket.emit (events.js:315:20)\n    at addChunk (_stream_readable.js:295:12)\n    at readableAddChunk (_stream_readable.js:271:9)\n    at Socket.Readable.push (_stream_readable.js:212:10)\n    at TCP.onStreamRead (internal/stream_base_commons.js:186:23)"}
{"code":"42703","file":"parse_relation.c","length":105,"level":"info","line":"3599","message":"error: column \"pavel\" does not exist","name":"error","position":"33","routine":"errorMissingColumn","severity":"ERROR","stack":"error: column \"pavel\" does not exist\n    at Parser.parseErrorMessage (/Users/pavelgordeev/Documents/projects/sheld-pipe-cable-server/node_modules/pg-protocol/dist/parser.js:287:98)\n    at Parser.handlePacket (/Users/pavelgordeev/Documents/projects/sheld-pipe-cable-server/node_modules/pg-protocol/dist/parser.js:126:29)\n    at Parser.parse (/Users/pavelgordeev/Documents/projects/sheld-pipe-cable-server/node_modules/pg-protocol/dist/parser.js:39:38)\n    at Socket.<anonymous> (/Users/pavelgordeev/Documents/projects/sheld-pipe-cable-server/node_modules/pg-protocol/dist/index.js:11:42)\n    at Socket.emit (events.js:315:20)\n    at addChunk (_stream_readable.js:295:12)\n    at readableAddChunk (_stream_readable.js:271:9)\n    at Socket.Readable.push (_stream_readable.js:212:10)\n    at TCP.onStreamRead (internal/stream_base_commons.js:186:23)"}
{"level":"info","message":"Server running at 8080/"}
{"code":"42703","file":"parse_relation.c","length":105,"level":"info","line":"3599","message":"error: column \"pavel\" does not exist","name":"error","position":"33","routine":"errorMissingColumn","severity":"ERROR","stack":"error: column \"pavel\" does not exist\n    at Parser.parseErrorMessage (/Users/pavelgordeev/Documents/projects/sheld-pipe-cable-server/node_modules/pg-protocol/dist/parser.js:287:98)\n    at Parser.handlePacket (/Users/pavelgordeev/Documents/projects/sheld-pipe-cable-server/node_modules/pg-protocol/dist/parser.js:126:29)\n    at Parser.parse (/Users/pavelgordeev/Documents/projects/sheld-pipe-cable-server/node_modules/pg-protocol/dist/parser.js:39:38)\n    at Socket.<anonymous> (/Users/pavelgordeev/Documents/projects/sheld-pipe-cable-server/node_modules/pg-protocol/dist/index.js:11:42)\n    at Socket.emit (events.js:315:20)\n    at addChunk (_stream_readable.js:295:12)\n    at readableAddChunk (_stream_readable.js:271:9)\n    at Socket.Readable.push (_stream_readable.js:212:10)\n    at TCP.onStreamRead (internal/stream_base_commons.js:186:23)"}
{"level":"info","message":"Server running at 8080/"}
{"code":"42703","file":"parse_relation.c","length":105,"level":"info","line":"3599","message":"error: column \"pavel\" does not exist","name":"error","position":"33","routine":"errorMissingColumn","severity":"ERROR","stack":"error: column \"pavel\" does not exist\n    at Parser.parseErrorMessage (/Users/pavelgordeev/Documents/projects/sheld-pipe-cable-server/node_modules/pg-protocol/dist/parser.js:287:98)\n    at Parser.handlePacket (/Users/pavelgordeev/Documents/projects/sheld-pipe-cable-server/node_modules/pg-protocol/dist/parser.js:126:29)\n    at Parser.parse (/Users/pavelgordeev/Documents/projects/sheld-pipe-cable-server/node_modules/pg-protocol/dist/parser.js:39:38)\n    at Socket.<anonymous> (/Users/pavelgordeev/Documents/projects/sheld-pipe-cable-server/node_modules/pg-protocol/dist/index.js:11:42)\n    at Socket.emit (events.js:315:20)\n    at addChunk (_stream_readable.js:295:12)\n    at readableAddChunk (_stream_readable.js:271:9)\n    at Socket.Readable.push (_stream_readable.js:212:10)\n    at TCP.onStreamRead (internal/stream_base_commons.js:186:23)"}
{"level":"info","message":"Server running at 8080/"}
{"code":"42703","file":"parse_relation.c","length":105,"level":"info","line":"3599","message":"error: column \"pavel\" does not exist","name":"error","position":"33","routine":"errorMissingColumn","severity":"ERROR","stack":"error: column \"pavel\" does not exist\n    at Parser.parseErrorMessage (/Users/pavelgordeev/Documents/projects/sheld-pipe-cable-server/node_modules/pg-protocol/dist/parser.js:287:98)\n    at Parser.handlePacket (/Users/pavelgordeev/Documents/projects/sheld-pipe-cable-server/node_modules/pg-protocol/dist/parser.js:126:29)\n    at Parser.parse (/Users/pavelgordeev/Documents/projects/sheld-pipe-cable-server/node_modules/pg-protocol/dist/parser.js:39:38)\n    at Socket.<anonymous> (/Users/pavelgordeev/Documents/projects/sheld-pipe-cable-server/node_modules/pg-protocol/dist/index.js:11:42)\n    at Socket.emit (events.js:315:20)\n    at addChunk (_stream_readable.js:295:12)\n    at readableAddChunk (_stream_readable.js:271:9)\n    at Socket.Readable.push (_stream_readable.js:212:10)\n    at TCP.onStreamRead (internal/stream_base_commons.js:186:23)"}
{"level":"info","message":"Server running at 8080/"}
{"code":"23505","constraint":"users_pkey","detail":"Key (id)=(1) already exists.","file":"nbtinsert.c","length":180,"level":"info","line":"670","message":"error: duplicate key value violates unique constraint \"users_pkey\"","name":"error","routine":"_bt_check_unique","schema":"public","severity":"ERROR","stack":"error: duplicate key value violates unique constraint \"users_pkey\"\n    at Parser.parseErrorMessage (/Users/pavelgordeev/Documents/projects/sheld-pipe-cable-server/node_modules/pg-protocol/dist/parser.js:287:98)\n    at Parser.handlePacket (/Users/pavelgordeev/Documents/projects/sheld-pipe-cable-server/node_modules/pg-protocol/dist/parser.js:126:29)\n    at Parser.parse (/Users/pavelgordeev/Documents/projects/sheld-pipe-cable-server/node_modules/pg-protocol/dist/parser.js:39:38)\n    at Socket.<anonymous> (/Users/pavelgordeev/Documents/projects/sheld-pipe-cable-server/node_modules/pg-protocol/dist/index.js:11:42)\n    at Socket.emit (events.js:315:20)\n    at addChunk (_stream_readable.js:295:12)\n    at readableAddChunk (_stream_readable.js:271:9)\n    at Socket.Readable.push (_stream_readable.js:212:10)\n    at TCP.onStreamRead (internal/stream_base_commons.js:186:23)","table":"users"}
{"code":"23505","constraint":"users_pkey","detail":"Key (id)=(3) already exists.","file":"nbtinsert.c","length":180,"level":"info","line":"670","message":"error: duplicate key value violates unique constraint \"users_pkey\"","name":"error","routine":"_bt_check_unique","schema":"public","severity":"ERROR","stack":"error: duplicate key value violates unique constraint \"users_pkey\"\n    at Parser.parseErrorMessage (/Users/pavelgordeev/Documents/projects/sheld-pipe-cable-server/node_modules/pg-protocol/dist/parser.js:287:98)\n    at Parser.handlePacket (/Users/pavelgordeev/Documents/projects/sheld-pipe-cable-server/node_modules/pg-protocol/dist/parser.js:126:29)\n    at Parser.parse (/Users/pavelgordeev/Documents/projects/sheld-pipe-cable-server/node_modules/pg-protocol/dist/parser.js:39:38)\n    at Socket.<anonymous> (/Users/pavelgordeev/Documents/projects/sheld-pipe-cable-server/node_modules/pg-protocol/dist/index.js:11:42)\n    at Socket.emit (events.js:315:20)\n    at addChunk (_stream_readable.js:295:12)\n    at readableAddChunk (_stream_readable.js:271:9)\n    at Socket.Readable.push (_stream_readable.js:212:10)\n    at TCP.onStreamRead (internal/stream_base_commons.js:186:23)","table":"users"}
{"level":"info","message":"Server running at 8080/"}
{"code":"22P02","file":"numutils.c","length":112,"level":"info","line":"323","message":"error: invalid input syntax for type integer: \"DEFAULT\"","name":"error","position":"27","routine":"pg_strtoint32","severity":"ERROR","stack":"error: invalid input syntax for type integer: \"DEFAULT\"\n    at Parser.parseErrorMessage (/Users/pavelgordeev/Documents/projects/sheld-pipe-cable-server/node_modules/pg-protocol/dist/parser.js:287:98)\n    at Parser.handlePacket (/Users/pavelgordeev/Documents/projects/sheld-pipe-cable-server/node_modules/pg-protocol/dist/parser.js:126:29)\n    at Parser.parse (/Users/pavelgordeev/Documents/projects/sheld-pipe-cable-server/node_modules/pg-protocol/dist/parser.js:39:38)\n    at Socket.<anonymous> (/Users/pavelgordeev/Documents/projects/sheld-pipe-cable-server/node_modules/pg-protocol/dist/index.js:11:42)\n    at Socket.emit (events.js:315:20)\n    at addChunk (_stream_readable.js:295:12)\n    at readableAddChunk (_stream_readable.js:271:9)\n    at Socket.Readable.push (_stream_readable.js:212:10)\n    at TCP.onStreamRead (internal/stream_base_commons.js:186:23)"}
{"level":"info","message":"Server running at 8080/"}
{"code":"23505","constraint":"users_pkey","detail":"Key (id)=(3) already exists.","file":"nbtinsert.c","length":180,"level":"info","line":"670","message":"error: duplicate key value violates unique constraint \"users_pkey\"","name":"error","routine":"_bt_check_unique","schema":"public","severity":"ERROR","stack":"error: duplicate key value violates unique constraint \"users_pkey\"\n    at Parser.parseErrorMessage (/Users/pavelgordeev/Documents/projects/sheld-pipe-cable-server/node_modules/pg-protocol/dist/parser.js:287:98)\n    at Parser.handlePacket (/Users/pavelgordeev/Documents/projects/sheld-pipe-cable-server/node_modules/pg-protocol/dist/parser.js:126:29)\n    at Parser.parse (/Users/pavelgordeev/Documents/projects/sheld-pipe-cable-server/node_modules/pg-protocol/dist/parser.js:39:38)\n    at Socket.<anonymous> (/Users/pavelgordeev/Documents/projects/sheld-pipe-cable-server/node_modules/pg-protocol/dist/index.js:11:42)\n    at Socket.emit (events.js:315:20)\n    at addChunk (_stream_readable.js:295:12)\n    at readableAddChunk (_stream_readable.js:271:9)\n    at Socket.Readable.push (_stream_readable.js:212:10)\n    at TCP.onStreamRead (internal/stream_base_commons.js:186:23)","table":"users"}
{"level":"info","message":"Server running at 8080/"}
{"code":"22P02","file":"numutils.c","length":110,"level":"info","line":"323","message":"error: invalid input syntax for type integer: \"Pavel\"","name":"error","position":"27","routine":"pg_strtoint32","severity":"ERROR","stack":"error: invalid input syntax for type integer: \"Pavel\"\n    at Parser.parseErrorMessage (/Users/pavelgordeev/Documents/projects/sheld-pipe-cable-server/node_modules/pg-protocol/dist/parser.js:287:98)\n    at Parser.handlePacket (/Users/pavelgordeev/Documents/projects/sheld-pipe-cable-server/node_modules/pg-protocol/dist/parser.js:126:29)\n    at Parser.parse (/Users/pavelgordeev/Documents/projects/sheld-pipe-cable-server/node_modules/pg-protocol/dist/parser.js:39:38)\n    at Socket.<anonymous> (/Users/pavelgordeev/Documents/projects/sheld-pipe-cable-server/node_modules/pg-protocol/dist/index.js:11:42)\n    at Socket.emit (events.js:315:20)\n    at addChunk (_stream_readable.js:295:12)\n    at readableAddChunk (_stream_readable.js:271:9)\n    at Socket.Readable.push (_stream_readable.js:212:10)\n    at TCP.onStreamRead (internal/stream_base_commons.js:186:23)"}
{"level":"info","message":"Server running at 8080/"}
{"level":"info","message":"Server running at 8080/"}
{"code":"42703","file":"parse_target.c","length":129,"level":"info","line":"1066","message":"error: column \"assept_code\" of relation \"users\" does not exist","name":"error","position":"52","routine":"checkInsertTargets","severity":"ERROR","stack":"error: column \"assept_code\" of relation \"users\" does not exist\n    at Parser.parseErrorMessage (/Users/pavelgordeev/Documents/projects/sheld-pipe-cable-server/node_modules/pg-protocol/dist/parser.js:287:98)\n    at Parser.handlePacket (/Users/pavelgordeev/Documents/projects/sheld-pipe-cable-server/node_modules/pg-protocol/dist/parser.js:126:29)\n    at Parser.parse (/Users/pavelgordeev/Documents/projects/sheld-pipe-cable-server/node_modules/pg-protocol/dist/parser.js:39:38)\n    at Socket.<anonymous> (/Users/pavelgordeev/Documents/projects/sheld-pipe-cable-server/node_modules/pg-protocol/dist/index.js:11:42)\n    at Socket.emit (events.js:315:20)\n    at addChunk (_stream_readable.js:295:12)\n    at readableAddChunk (_stream_readable.js:271:9)\n    at Socket.Readable.push (_stream_readable.js:212:10)\n    at TCP.onStreamRead (internal/stream_base_commons.js:186:23)"}
{"level":"info","message":"Server running at 8080/"}
{"level":"info","message":"Server running at 8080/"}
{"level":"info","message":"Server running at 8080/"}
{"level":"info","message":"Server running at 8080/"}
{"level":"info","message":"Server running at 8080/"}
{"level":"info","message":"Server running at 8080/"}
{"level":"info","message":"Server running at 8080/"}
{"level":"info","message":"Server running at 8080/"}
{"code":"42703","file":"parse_relation.c","length":110,"level":"info","line":"3599","message":"error: column \"dsdfsdfsfs\" does not exist","name":"error","position":"47","routine":"errorMissingColumn","severity":"ERROR","stack":"error: column \"dsdfsdfsfs\" does not exist\n    at Parser.parseErrorMessage (/Users/pavelgordeev/Documents/projects/sheld-pipe-cable-server/node_modules/pg-protocol/dist/parser.js:287:98)\n    at Parser.handlePacket (/Users/pavelgordeev/Documents/projects/sheld-pipe-cable-server/node_modules/pg-protocol/dist/parser.js:126:29)\n    at Parser.parse (/Users/pavelgordeev/Documents/projects/sheld-pipe-cable-server/node_modules/pg-protocol/dist/parser.js:39:38)\n    at Socket.<anonymous> (/Users/pavelgordeev/Documents/projects/sheld-pipe-cable-server/node_modules/pg-protocol/dist/index.js:11:42)\n    at Socket.emit (events.js:315:20)\n    at addChunk (_stream_readable.js:295:12)\n    at readableAddChunk (_stream_readable.js:271:9)\n    at Socket.Readable.push (_stream_readable.js:212:10)\n    at TCP.onStreamRead (internal/stream_base_commons.js:186:23)"}
{"level":"info","message":"Server running at 8080/"}
{"code":"42703","file":"parse_relation.c","length":110,"level":"info","line":"3599","message":"error: column \"dsdfsdfsfs\" does not exist","name":"error","position":"54","routine":"errorMissingColumn","severity":"ERROR","stack":"error: column \"dsdfsdfsfs\" does not exist\n    at Parser.parseErrorMessage (/Users/pavelgordeev/Documents/projects/sheld-pipe-cable-server/node_modules/pg-protocol/dist/parser.js:287:98)\n    at Parser.handlePacket (/Users/pavelgordeev/Documents/projects/sheld-pipe-cable-server/node_modules/pg-protocol/dist/parser.js:126:29)\n    at Parser.parse (/Users/pavelgordeev/Documents/projects/sheld-pipe-cable-server/node_modules/pg-protocol/dist/parser.js:39:38)\n    at Socket.<anonymous> (/Users/pavelgordeev/Documents/projects/sheld-pipe-cable-server/node_modules/pg-protocol/dist/index.js:11:42)\n    at Socket.emit (events.js:315:20)\n    at addChunk (_stream_readable.js:295:12)\n    at readableAddChunk (_stream_readable.js:271:9)\n    at Socket.Readable.push (_stream_readable.js:212:10)\n    at TCP.onStreamRead (internal/stream_base_commons.js:186:23)"}
{"level":"info","message":"Server running at 8080/"}
{"level":"info","message":"error: result is not defined","stack":"ReferenceError: result is not defined\n    at /Users/pavelgordeev/Documents/projects/sheld-pipe-cable-server/src/fields/user/user.routes.js:52:14\n    at processTicksAndRejections (internal/process/task_queues.js:97:5)"}
{"level":"info","message":"Server running at 8080/"}
{"code":"ERR_HTTP_HEADERS_SENT","level":"info","message":"error: Cannot set headers after they are sent to the client","stack":"Error [ERR_HTTP_HEADERS_SENT]: Cannot set headers after they are sent to the client\n    at ServerResponse.setHeader (_http_outgoing.js:518:11)\n    at ServerResponse.header (/Users/pavelgordeev/Documents/projects/sheld-pipe-cable-server/node_modules/express/lib/response.js:771:10)\n    at ServerResponse.send (/Users/pavelgordeev/Documents/projects/sheld-pipe-cable-server/node_modules/express/lib/response.js:170:12)\n    at /Users/pavelgordeev/Documents/projects/sheld-pipe-cable-server/src/fields/user/user.routes.js:53:9\n    at processTicksAndRejections (internal/process/task_queues.js:97:5)"}
{"level":"info","message":"Server running at 8080/"}
{"level":"info","message":"Server running at 8080/"}
{"level":"info","message":"Server running at 8080/"}
{"level":"info","message":"Server running at 8080/"}
{"level":"info","message":"Server running at 8080/"}
{"level":"info","message":"Server running at 8080/"}
{"level":"info","message":"Server running at 8080/"}
{"level":"info","message":"Server running at 8080/"}
{"level":"info","message":"Server running at 8080/"}
{"level":"info","message":"Server running at 8080/"}
{"level":"info","message":"Server running at 8080/"}
{"level":"info","message":"Server running at 8080/"}
{"level":"info","message":"Server running at 8080/"}
{"level":"info","message":"Server running at 8080/"}
{"level":"info","message":"Server running at 8080/"}
{"level":"info","message":"Server running at 8080/"}
{"level":"info","message":"Server running at 8080/"}
{"level":"info","message":"Server running at 8080/"}
{"level":"info","message":"Server running at 8080/"}
{"level":"info","message":"Server running at 8080/"}
{"level":"info","message":"Server running at 8080/"}
{"level":"info","message":"Server running at 8080/"}
{"level":"info","message":"Server running at 8080/"}
{"level":"info","message":"Server running at 8080/"}
{"level":"info","message":"Server running at 8080/"}
{"level":"info","message":"Server running at 8080/"}
{"level":"info","message":"Server running at 8080/"}
{"level":"info","message":"Server running at 8080/"}
{"level":"info","message":"Server running at 8080/"}
{"level":"info","message":"Server running at 8080/"}
{"level":"info","message":"Server running at 8080/"}
{"level":"info","message":"Server running at 8080/"}
{"level":"info","message":"Server running at 8080/"}
{"level":"info","message":"Server running at 8080/"}
{"level":"info","message":"Server running at 8080/"}
{"level":"info","message":"Server running at 8080/"}
{"level":"info","message":"Server running at 8080/"}
{"level":"info","message":"Server running at 8080/"}
{"level":"info","message":"Server running at 8080/"}
{"level":"info","message":"Server running at 8080/"}
{"level":"info","message":"Server running at 8080/"}
{"level":"info","message":"Server running at 8080/"}
{"level":"info","message":"Server running at 8080/"}
{"level":"info","message":"Server running at 8080/"}
{"level":"info","message":"Server running at 8080/"}
{"level":"info","message":"Server running at 8080/"}
{"level":"info","message":"Server running at 8080/"}
{"level":"info","message":"Server running at 8080/"}
{"level":"info","message":"Server running at 8080/"}
{"level":"info","message":"Server running at 8080/"}
{"level":"info","message":"Server running at 8080/"}
{"level":"info","message":"Server running at 8080/"}
{"level":"info","message":"Server running at 8080/"}
{"level":"info","message":"Server running at 8080/"}
{"level":"info","message":"Server running at 8080/"}
{"level":"info","message":"Server running at 8080/"}
{"level":"info","message":"Server running at 8080/"}
{"level":"info","message":"Server running at 8080/"}
{"level":"info","message":"Server running at 8080/"}
{"level":"info","message":"Server running at 8080/"}
{"level":"info","message":"Server running at 8080/"}
{"level":"info","message":"Server running at 8080/"}
{"level":"info","message":"Server running at 8080/"}
{"level":"info","message":"Server running at 8080/"}
{"level":"info","message":"Server running at 8080/"}
{"level":"info","message":"Server running at 8080/"}
{"level":"info","message":"Server running at 8080/"}
{"level":"info","message":"Server running at 8080/"}
{"level":"info","message":"Server running at 8080/"}
{"level":"info","message":"Server running at 8080/"}
{"level":"info","message":"Server running at 8080/"}
{"level":"info","message":"Server running at 8080/"}
{"level":"info","message":"Server running at 8080/"}
{"level":"info","message":"Server running at 8080/"}
{"level":"info","message":"Server running at 8080/"}
{"level":"info","message":"Server running at 8080/"}
{"level":"info","message":"Server running at 8080/"}
{"level":"info","message":"Server running at 8080/"}
{"level":"info","message":"Server running at 8080/"}
{"level":"info","message":"Server running at 8080/"}
{"level":"info","message":"Server running at 8080/"}
{"level":"info","message":"Server running at 8080/"}
{"level":"info","message":"Server running at 8080/"}
{"level":"info","message":"Server running at 8080/"}
{"level":"info","message":"Server running at 8080/"}
{"level":"info","message":"Server running at 8080/"}
{"level":"info","message":"Server running at 8080/"}
{"level":"info","message":"Server running at 8080/"}
{"level":"info","message":"Server running at 8080/"}
{"level":"info","message":"Server running at 8080/"}
{"level":"info","message":"Server running at 8080/"}
{"level":"info","message":"Server running at 8080/"}
{"level":"info","message":"Server running at 8080/"}
{"level":"info","message":"Server running at 8080/"}
{"level":"info","message":"Server running at 8080/"}
{"level":"info","message":"Server running at 8080/"}
{"level":"info","message":"Server running at 8080/"}
{"level":"info","message":"Server running at 8080/"}
{"level":"info","message":"Server running at 8080/"}
{"level":"info","message":"Server running at 8080/"}
{"level":"info","message":"Server running at 8080/"}
{"level":"info","message":"Server running at 8080/"}
{"level":"info","message":"Server running at 8080/"}
{"level":"info","message":"Server running at 8080/"}
{"level":"info","message":"Server running at 8080/"}
{"level":"info","message":"Server running at 8080/"}
{"level":"info","message":"Server running at 8080/"}
{"level":"info","message":"Server running at 8080/"}
{"level":"info","message":"Server running at 8080/"}
{"level":"info","message":"Server running at 8080/"}
{"level":"info","message":"Server running at 8080/"}
{"level":"info","message":"Server running at 8080/"}
{"level":"info","message":"Server running at 8080/"}
{"level":"info","message":"Server running at 8080/"}
{"level":"info","message":"Server running at 8080/"}
{"level":"info","message":"Server running at 8080/"}
{"level":"info","message":"Server running at 8080/"}
{"level":"info","message":"Server running at 8080/"}
{"level":"info","message":"Server running at 8080/"}
{"level":"info","message":"Server running at 8080/"}
{"level":"info","message":"Server running at 8080/"}
{"level":"info","message":"Server running at 8080/"}
{"level":"info","message":"Server running at 8080/"}
{"level":"info","message":"Server running at 8080/"}
{"level":"info","message":"Server running at 8080/"}
{"level":"info","message":"Server running at 8080/"}
{"level":"error","message":"user create: Cannot destructure property 'first_name' of 'req.body' as it is undefined.","stack":"TypeError: Cannot destructure property 'first_name' of 'req.body' as it is undefined.\n    at createUser (/Users/pavelgordeev/Documents/projects/sheld-pipe-cable-server/src/fields/user/user.controller.js:7:15)\n    at Layer.handle [as handle_request] (/Users/pavelgordeev/Documents/projects/sheld-pipe-cable-server/node_modules/express/lib/router/layer.js:95:5)\n    at next (/Users/pavelgordeev/Documents/projects/sheld-pipe-cable-server/node_modules/express/lib/router/route.js:137:13)\n    at /Users/pavelgordeev/Documents/projects/sheld-pipe-cable-server/src/server/security.js:15:5\n    at /Users/pavelgordeev/Documents/projects/sheld-pipe-cable-server/node_modules/jsonwebtoken/verify.js:223:12\n    at getSecret (/Users/pavelgordeev/Documents/projects/sheld-pipe-cable-server/node_modules/jsonwebtoken/verify.js:90:14)\n    at Object.module.exports [as verify] (/Users/pavelgordeev/Documents/projects/sheld-pipe-cable-server/node_modules/jsonwebtoken/verify.js:94:10)\n    at authenticateToken (/Users/pavelgordeev/Documents/projects/sheld-pipe-cable-server/src/server/security.js:9:7)\n    at Layer.handle [as handle_request] (/Users/pavelgordeev/Documents/projects/sheld-pipe-cable-server/node_modules/express/lib/router/layer.js:95:5)\n    at next (/Users/pavelgordeev/Documents/projects/sheld-pipe-cable-server/node_modules/express/lib/router/route.js:137:13)"}
{"level":"info","message":"Server running at 8080/"}
{"level":"error","message":"user create: Cannot destructure property 'first_name' of 'req.body' as it is undefined.","stack":"TypeError: Cannot destructure property 'first_name' of 'req.body' as it is undefined.\n    at createUser (/Users/pavelgordeev/Documents/projects/sheld-pipe-cable-server/src/fields/user/user.controller.js:7:15)\n    at Layer.handle [as handle_request] (/Users/pavelgordeev/Documents/projects/sheld-pipe-cable-server/node_modules/express/lib/router/layer.js:95:5)\n    at next (/Users/pavelgordeev/Documents/projects/sheld-pipe-cable-server/node_modules/express/lib/router/route.js:137:13)\n    at /Users/pavelgordeev/Documents/projects/sheld-pipe-cable-server/src/server/security.js:15:5\n    at /Users/pavelgordeev/Documents/projects/sheld-pipe-cable-server/node_modules/jsonwebtoken/verify.js:223:12\n    at getSecret (/Users/pavelgordeev/Documents/projects/sheld-pipe-cable-server/node_modules/jsonwebtoken/verify.js:90:14)\n    at Object.module.exports [as verify] (/Users/pavelgordeev/Documents/projects/sheld-pipe-cable-server/node_modules/jsonwebtoken/verify.js:94:10)\n    at authenticateToken (/Users/pavelgordeev/Documents/projects/sheld-pipe-cable-server/src/server/security.js:9:7)\n    at Layer.handle [as handle_request] (/Users/pavelgordeev/Documents/projects/sheld-pipe-cable-server/node_modules/express/lib/router/layer.js:95:5)\n    at next (/Users/pavelgordeev/Documents/projects/sheld-pipe-cable-server/node_modules/express/lib/router/route.js:137:13)"}
{"level":"info","message":"Server running at 8080/"}
{"level":"error","message":"user create: Cannot destructure property 'first_name' of 'req.body' as it is undefined.","stack":"TypeError: Cannot destructure property 'first_name' of 'req.body' as it is undefined.\n    at createUser (/Users/pavelgordeev/Documents/projects/sheld-pipe-cable-server/src/fields/user/user.controller.js:7:15)\n    at Layer.handle [as handle_request] (/Users/pavelgordeev/Documents/projects/sheld-pipe-cable-server/node_modules/express/lib/router/layer.js:95:5)\n    at next (/Users/pavelgordeev/Documents/projects/sheld-pipe-cable-server/node_modules/express/lib/router/route.js:137:13)\n    at /Users/pavelgordeev/Documents/projects/sheld-pipe-cable-server/src/server/security.js:15:5\n    at /Users/pavelgordeev/Documents/projects/sheld-pipe-cable-server/node_modules/jsonwebtoken/verify.js:223:12\n    at getSecret (/Users/pavelgordeev/Documents/projects/sheld-pipe-cable-server/node_modules/jsonwebtoken/verify.js:90:14)\n    at Object.module.exports [as verify] (/Users/pavelgordeev/Documents/projects/sheld-pipe-cable-server/node_modules/jsonwebtoken/verify.js:94:10)\n    at authenticateToken (/Users/pavelgordeev/Documents/projects/sheld-pipe-cable-server/src/server/security.js:9:7)\n    at Layer.handle [as handle_request] (/Users/pavelgordeev/Documents/projects/sheld-pipe-cable-server/node_modules/express/lib/router/layer.js:95:5)\n    at next (/Users/pavelgordeev/Documents/projects/sheld-pipe-cable-server/node_modules/express/lib/router/route.js:137:13)"}
{"level":"info","message":"Server running at 8080/"}
{"level":"error","message":"user create: Cannot destructure property 'first_name' of 'req.body' as it is undefined.","stack":"TypeError: Cannot destructure property 'first_name' of 'req.body' as it is undefined.\n    at createUser (/Users/pavelgordeev/Documents/projects/sheld-pipe-cable-server/src/fields/user/user.controller.js:7:15)\n    at Layer.handle [as handle_request] (/Users/pavelgordeev/Documents/projects/sheld-pipe-cable-server/node_modules/express/lib/router/layer.js:95:5)\n    at next (/Users/pavelgordeev/Documents/projects/sheld-pipe-cable-server/node_modules/express/lib/router/route.js:137:13)\n    at /Users/pavelgordeev/Documents/projects/sheld-pipe-cable-server/src/server/security.js:15:5\n    at /Users/pavelgordeev/Documents/projects/sheld-pipe-cable-server/node_modules/jsonwebtoken/verify.js:223:12\n    at getSecret (/Users/pavelgordeev/Documents/projects/sheld-pipe-cable-server/node_modules/jsonwebtoken/verify.js:90:14)\n    at Object.module.exports [as verify] (/Users/pavelgordeev/Documents/projects/sheld-pipe-cable-server/node_modules/jsonwebtoken/verify.js:94:10)\n    at authenticateToken (/Users/pavelgordeev/Documents/projects/sheld-pipe-cable-server/src/server/security.js:9:7)\n    at Layer.handle [as handle_request] (/Users/pavelgordeev/Documents/projects/sheld-pipe-cable-server/node_modules/express/lib/router/layer.js:95:5)\n    at next (/Users/pavelgordeev/Documents/projects/sheld-pipe-cable-server/node_modules/express/lib/router/route.js:137:13)"}
{"level":"info","message":"Server running at 8080/"}
{"level":"error","message":"user create: Cannot destructure property 'first_name' of 'req.body' as it is undefined.","stack":"TypeError: Cannot destructure property 'first_name' of 'req.body' as it is undefined.\n    at createUser (/Users/pavelgordeev/Documents/projects/sheld-pipe-cable-server/src/fields/user/user.controller.js:8:15)\n    at Layer.handle [as handle_request] (/Users/pavelgordeev/Documents/projects/sheld-pipe-cable-server/node_modules/express/lib/router/layer.js:95:5)\n    at next (/Users/pavelgordeev/Documents/projects/sheld-pipe-cable-server/node_modules/express/lib/router/route.js:137:13)\n    at /Users/pavelgordeev/Documents/projects/sheld-pipe-cable-server/src/server/security.js:15:5\n    at /Users/pavelgordeev/Documents/projects/sheld-pipe-cable-server/node_modules/jsonwebtoken/verify.js:223:12\n    at getSecret (/Users/pavelgordeev/Documents/projects/sheld-pipe-cable-server/node_modules/jsonwebtoken/verify.js:90:14)\n    at Object.module.exports [as verify] (/Users/pavelgordeev/Documents/projects/sheld-pipe-cable-server/node_modules/jsonwebtoken/verify.js:94:10)\n    at authenticateToken (/Users/pavelgordeev/Documents/projects/sheld-pipe-cable-server/src/server/security.js:9:7)\n    at Layer.handle [as handle_request] (/Users/pavelgordeev/Documents/projects/sheld-pipe-cable-server/node_modules/express/lib/router/layer.js:95:5)\n    at next (/Users/pavelgordeev/Documents/projects/sheld-pipe-cable-server/node_modules/express/lib/router/route.js:137:13)"}
{"level":"info","message":"Server running at 8080/"}
{"level":"error","message":"user create: pool is not defined","stack":"ReferenceError: pool is not defined\n    at createUser (/Users/pavelgordeev/Documents/projects/sheld-pipe-cable-server/src/fields/user/user.controller.js:11:7)\n    at Layer.handle [as handle_request] (/Users/pavelgordeev/Documents/projects/sheld-pipe-cable-server/node_modules/express/lib/router/layer.js:95:5)\n    at next (/Users/pavelgordeev/Documents/projects/sheld-pipe-cable-server/node_modules/express/lib/router/route.js:137:13)\n    at /Users/pavelgordeev/Documents/projects/sheld-pipe-cable-server/src/server/security.js:15:5\n    at /Users/pavelgordeev/Documents/projects/sheld-pipe-cable-server/node_modules/jsonwebtoken/verify.js:223:12\n    at getSecret (/Users/pavelgordeev/Documents/projects/sheld-pipe-cable-server/node_modules/jsonwebtoken/verify.js:90:14)\n    at Object.module.exports [as verify] (/Users/pavelgordeev/Documents/projects/sheld-pipe-cable-server/node_modules/jsonwebtoken/verify.js:94:10)\n    at authenticateToken (/Users/pavelgordeev/Documents/projects/sheld-pipe-cable-server/src/server/security.js:9:7)\n    at Layer.handle [as handle_request] (/Users/pavelgordeev/Documents/projects/sheld-pipe-cable-server/node_modules/express/lib/router/layer.js:95:5)\n    at next (/Users/pavelgordeev/Documents/projects/sheld-pipe-cable-server/node_modules/express/lib/router/route.js:137:13)"}
{"level":"info","message":"Server running at 8080/"}
{"level":"error","message":"user create: pool is not defined","stack":"ReferenceError: pool is not defined\n    at createUser (/Users/pavelgordeev/Documents/projects/sheld-pipe-cable-server/src/fields/user/user.controller.js:11:7)\n    at Layer.handle [as handle_request] (/Users/pavelgordeev/Documents/projects/sheld-pipe-cable-server/node_modules/express/lib/router/layer.js:95:5)\n    at next (/Users/pavelgordeev/Documents/projects/sheld-pipe-cable-server/node_modules/express/lib/router/route.js:137:13)\n    at /Users/pavelgordeev/Documents/projects/sheld-pipe-cable-server/src/server/security.js:15:5\n    at /Users/pavelgordeev/Documents/projects/sheld-pipe-cable-server/node_modules/jsonwebtoken/verify.js:223:12\n    at getSecret (/Users/pavelgordeev/Documents/projects/sheld-pipe-cable-server/node_modules/jsonwebtoken/verify.js:90:14)\n    at Object.module.exports [as verify] (/Users/pavelgordeev/Documents/projects/sheld-pipe-cable-server/node_modules/jsonwebtoken/verify.js:94:10)\n    at authenticateToken (/Users/pavelgordeev/Documents/projects/sheld-pipe-cable-server/src/server/security.js:9:7)\n    at Layer.handle [as handle_request] (/Users/pavelgordeev/Documents/projects/sheld-pipe-cable-server/node_modules/express/lib/router/layer.js:95:5)\n    at next (/Users/pavelgordeev/Documents/projects/sheld-pipe-cable-server/node_modules/express/lib/router/route.js:137:13)"}
{"level":"info","message":"Server running at 8080/"}
{"code":"42601","file":"scan.l","length":93,"level":"error","line":"1180","message":"user create: syntax error at or near \"user\"","name":"error","position":"13","routine":"scanner_yyerror","severity":"ERROR","stack":"error: syntax error at or near \"user\"\n    at Parser.parseErrorMessage (/Users/pavelgordeev/Documents/projects/sheld-pipe-cable-server/node_modules/pg-protocol/dist/parser.js:287:98)\n    at Parser.handlePacket (/Users/pavelgordeev/Documents/projects/sheld-pipe-cable-server/node_modules/pg-protocol/dist/parser.js:126:29)\n    at Parser.parse (/Users/pavelgordeev/Documents/projects/sheld-pipe-cable-server/node_modules/pg-protocol/dist/parser.js:39:38)\n    at Socket.<anonymous> (/Users/pavelgordeev/Documents/projects/sheld-pipe-cable-server/node_modules/pg-protocol/dist/index.js:11:42)\n    at Socket.emit (events.js:315:20)\n    at addChunk (_stream_readable.js:295:12)\n    at readableAddChunk (_stream_readable.js:271:9)\n    at Socket.Readable.push (_stream_readable.js:212:10)\n    at TCP.onStreamRead (internal/stream_base_commons.js:186:23)"}
{"level":"info","message":"Server running at 8080/"}
{"level":"info","message":"Server running at 8080/"}
{"code":"42601","file":"scan.l","length":93,"level":"error","line":"1180","message":"user create: syntax error at or near \"user\"","name":"error","position":"13","routine":"scanner_yyerror","severity":"ERROR","stack":"error: syntax error at or near \"user\"\n    at Parser.parseErrorMessage (/Users/pavelgordeev/Documents/projects/sheld-pipe-cable-server/node_modules/pg-protocol/dist/parser.js:287:98)\n    at Parser.handlePacket (/Users/pavelgordeev/Documents/projects/sheld-pipe-cable-server/node_modules/pg-protocol/dist/parser.js:126:29)\n    at Parser.parse (/Users/pavelgordeev/Documents/projects/sheld-pipe-cable-server/node_modules/pg-protocol/dist/parser.js:39:38)\n    at Socket.<anonymous> (/Users/pavelgordeev/Documents/projects/sheld-pipe-cable-server/node_modules/pg-protocol/dist/index.js:11:42)\n    at Socket.emit (events.js:315:20)\n    at addChunk (_stream_readable.js:295:12)\n    at readableAddChunk (_stream_readable.js:271:9)\n    at Socket.Readable.push (_stream_readable.js:212:10)\n    at TCP.onStreamRead (internal/stream_base_commons.js:186:23)"}
{"level":"info","message":"Server running at 8080/"}
{"code":"42601","file":"scan.l","length":93,"level":"error","line":"1180","message":"user create: syntax error at or near \"user\"","name":"error","position":"13","routine":"scanner_yyerror","severity":"ERROR","stack":"error: syntax error at or near \"user\"\n    at Parser.parseErrorMessage (/Users/pavelgordeev/Documents/projects/sheld-pipe-cable-server/node_modules/pg-protocol/dist/parser.js:287:98)\n    at Parser.handlePacket (/Users/pavelgordeev/Documents/projects/sheld-pipe-cable-server/node_modules/pg-protocol/dist/parser.js:126:29)\n    at Parser.parse (/Users/pavelgordeev/Documents/projects/sheld-pipe-cable-server/node_modules/pg-protocol/dist/parser.js:39:38)\n    at Socket.<anonymous> (/Users/pavelgordeev/Documents/projects/sheld-pipe-cable-server/node_modules/pg-protocol/dist/index.js:11:42)\n    at Socket.emit (events.js:315:20)\n    at addChunk (_stream_readable.js:295:12)\n    at readableAddChunk (_stream_readable.js:271:9)\n    at Socket.Readable.push (_stream_readable.js:212:10)\n    at TCP.onStreamRead (internal/stream_base_commons.js:186:23)"}
{"level":"info","message":"Server running at 8080/"}
{"level":"info","message":"Server running at 8080/"}
{"level":"info","message":"Server running at 8080/"}
{"code":"42601","file":"scan.l","length":98,"level":"error","line":"1180","message":"client create: syntax error at or near \"99999999\"","name":"error","position":"133","routine":"scanner_yyerror","severity":"ERROR","stack":"error: syntax error at or near \"99999999\"\n    at Parser.parseErrorMessage (/Users/pavelgordeev/Documents/projects/sheld-pipe-cable-server/node_modules/pg-protocol/dist/parser.js:287:98)\n    at Parser.handlePacket (/Users/pavelgordeev/Documents/projects/sheld-pipe-cable-server/node_modules/pg-protocol/dist/parser.js:126:29)\n    at Parser.parse (/Users/pavelgordeev/Documents/projects/sheld-pipe-cable-server/node_modules/pg-protocol/dist/parser.js:39:38)\n    at Socket.<anonymous> (/Users/pavelgordeev/Documents/projects/sheld-pipe-cable-server/node_modules/pg-protocol/dist/index.js:11:42)\n    at Socket.emit (events.js:315:20)\n    at addChunk (_stream_readable.js:295:12)\n    at readableAddChunk (_stream_readable.js:271:9)\n    at Socket.Readable.push (_stream_readable.js:212:10)\n    at TCP.onStreamRead (internal/stream_base_commons.js:186:23)"}
{"level":"info","message":"Server running at 8080/"}
{"code":"42601","file":"scan.l","length":99,"level":"error","line":"1180","message":"client create: syntax error at or near \"899999999\"","name":"error","position":"133","routine":"scanner_yyerror","severity":"ERROR","stack":"error: syntax error at or near \"899999999\"\n    at Parser.parseErrorMessage (/Users/pavelgordeev/Documents/projects/sheld-pipe-cable-server/node_modules/pg-protocol/dist/parser.js:287:98)\n    at Parser.handlePacket (/Users/pavelgordeev/Documents/projects/sheld-pipe-cable-server/node_modules/pg-protocol/dist/parser.js:126:29)\n    at Parser.parse (/Users/pavelgordeev/Documents/projects/sheld-pipe-cable-server/node_modules/pg-protocol/dist/parser.js:39:38)\n    at Socket.<anonymous> (/Users/pavelgordeev/Documents/projects/sheld-pipe-cable-server/node_modules/pg-protocol/dist/index.js:11:42)\n    at Socket.emit (events.js:315:20)\n    at addChunk (_stream_readable.js:295:12)\n    at readableAddChunk (_stream_readable.js:271:9)\n    at Socket.Readable.push (_stream_readable.js:212:10)\n    at TCP.onStreamRead (internal/stream_base_commons.js:186:23)"}
{"level":"info","message":"Server running at 8080/"}
{"code":"42601","file":"scan.l","length":95,"level":"error","line":"1180","message":"client create: syntax error at or near \"afsdf\"","name":"error","position":"145","routine":"scanner_yyerror","severity":"ERROR","stack":"error: syntax error at or near \"afsdf\"\n    at Parser.parseErrorMessage (/Users/pavelgordeev/Documents/projects/sheld-pipe-cable-server/node_modules/pg-protocol/dist/parser.js:287:98)\n    at Parser.handlePacket (/Users/pavelgordeev/Documents/projects/sheld-pipe-cable-server/node_modules/pg-protocol/dist/parser.js:126:29)\n    at Parser.parse (/Users/pavelgordeev/Documents/projects/sheld-pipe-cable-server/node_modules/pg-protocol/dist/parser.js:39:38)\n    at Socket.<anonymous> (/Users/pavelgordeev/Documents/projects/sheld-pipe-cable-server/node_modules/pg-protocol/dist/index.js:11:42)\n    at Socket.emit (events.js:315:20)\n    at addChunk (_stream_readable.js:295:12)\n    at readableAddChunk (_stream_readable.js:271:9)\n    at Socket.Readable.push (_stream_readable.js:212:10)\n    at TCP.onStreamRead (internal/stream_base_commons.js:186:23)"}
{"level":"info","message":"Server running at 8080/"}
{"code":"23505","constraint":"client_phone_number_key","detail":"Key (phone_number)=(899999999) already exists.","file":"nbtinsert.c","length":225,"level":"error","line":"670","message":"client update: duplicate key value violates unique constraint \"client_phone_number_key\"","name":"error","routine":"_bt_check_unique","schema":"public","severity":"ERROR","stack":"error: duplicate key value violates unique constraint \"client_phone_number_key\"\n    at Parser.parseErrorMessage (/Users/pavelgordeev/Documents/projects/sheld-pipe-cable-server/node_modules/pg-protocol/dist/parser.js:287:98)\n    at Parser.handlePacket (/Users/pavelgordeev/Documents/projects/sheld-pipe-cable-server/node_modules/pg-protocol/dist/parser.js:126:29)\n    at Parser.parse (/Users/pavelgordeev/Documents/projects/sheld-pipe-cable-server/node_modules/pg-protocol/dist/parser.js:39:38)\n    at Socket.<anonymous> (/Users/pavelgordeev/Documents/projects/sheld-pipe-cable-server/node_modules/pg-protocol/dist/index.js:11:42)\n    at Socket.emit (events.js:315:20)\n    at addChunk (_stream_readable.js:295:12)\n    at readableAddChunk (_stream_readable.js:271:9)\n    at Socket.Readable.push (_stream_readable.js:212:10)\n    at TCP.onStreamRead (internal/stream_base_commons.js:186:23)","table":"client"}
{"level":"info","message":"Server running at 8080/"}
